SF:lib\core\error\failure.dart
DA:6,9
DA:11,0
DA:12,0
DA:14,0
DA:15,0
DA:19,0
DA:28,9
DA:38,1
LF:8
LH:3
end_of_record
SF:lib\features\auth\domain\entity\auth_entity.dart
DA:12,12
DA:21,0
DA:22,0
DA:23,0
DA:24,0
DA:25,0
DA:26,0
DA:27,0
DA:28,0
DA:31,0
DA:34,1
DA:43,0
DA:44,0
LF:13
LH:2
end_of_record
SF:lib\features\auth\domain\use_case\get_all_user_usecase.dart
DA:11,1
DA:13,1
DA:16,2
LF:3
LH:3
end_of_record
SF:lib\features\auth\domain\use_case\get_current_user_usecase.dart
DA:11,1
DA:13,1
DA:15,2
LF:3
LH:3
end_of_record
SF:lib\features\auth\domain\use_case\get_user_by_id_usecase.dart
DA:10,1
DA:12,1
DA:14,2
LF:3
LH:3
end_of_record
SF:lib\features\auth\domain\use_case\login_usecase.dart
DA:12,1
DA:18,0
DA:22,0
DA:23,0
DA:30,1
DA:32,1
DA:35,6
DA:36,1
DA:37,0
DA:38,1
DA:39,2
DA:43,1
LF:12
LH:8
end_of_record
SF:lib\app\shared_prefs\token_shared_prefs.dart
DA:8,0
DA:10,0
DA:12,0
DA:13,0
DA:15,0
DA:19,0
DA:21,0
DA:22,0
DA:24,0
LF:9
LH:0
end_of_record
SF:lib\features\profile\domain\entity\user_profile_entity.dart
DA:7,2
DA:9,1
DA:13,0
DA:15,0
LF:4
LH:2
end_of_record
SF:lib\features\profile\domain\use_case\update_user_profile_usecase.dart
DA:12,1
DA:14,1
DA:16,2
LF:3
LH:3
end_of_record
SF:lib\app\constant\api_endpoint.dart
DA:2,0
LF:1
LH:0
end_of_record
SF:lib\app\constant\hive_table_constant.dart
DA:2,0
LF:1
LH:0
end_of_record
SF:lib\app\di\di.dart
DA:24,0
DA:26,0
DA:28,0
DA:29,0
DA:30,0
DA:31,0
DA:32,0
DA:33,0
DA:34,0
DA:35,0
DA:36,0
DA:39,0
DA:40,0
DA:41,0
DA:44,0
DA:45,0
DA:48,0
DA:50,0
DA:51,0
DA:54,0
DA:55,0
DA:58,0
DA:59,0
DA:61,0
DA:62,0
DA:66,0
DA:67,0
DA:69,0
DA:73,0
DA:74,0
DA:75,0
DA:80,0
DA:81,0
DA:82,0
DA:86,0
DA:87,0
DA:88,0
DA:91,0
DA:92,0
DA:94,0
DA:95,0
DA:99,0
DA:100,0
DA:101,0
DA:102,0
DA:103,0
DA:105,0
DA:110,0
DA:111,0
DA:112,0
DA:116,0
DA:117,0
DA:118,0
DA:122,0
DA:124,0
DA:125,0
DA:129,0
DA:130,0
DA:131,0
DA:133,0
DA:134,0
DA:138,0
DA:139,0
DA:140,0
DA:143,0
DA:144,0
DA:146,0
DA:150,0
DA:151,0
DA:152,0
DA:153,0
LF:71
LH:0
end_of_record
SF:lib\core\network\api_service.dart
DA:10,0
DA:12,0
DA:13,0
DA:14,0
DA:15,0
DA:16,0
DA:17,0
DA:18,0
DA:20,0
LF:9
LH:0
end_of_record
SF:lib\core\network\hive_service.dart
DA:7,0
DA:9,0
DA:10,0
DA:12,0
DA:16,0
DA:41,0
DA:42,0
DA:43,0
DA:46,0
DA:47,0
DA:48,0
DA:51,0
DA:52,0
DA:53,0
DA:57,0
DA:65,0
DA:66,0
DA:67,0
DA:68,0
LF:19
LH:0
end_of_record
SF:lib\features\auth\data\data_source\local_datasource\auth_local_data_source.dart
DA:10,0
DA:12,0
DA:15,0
DA:26,0
DA:29,0
DA:30,0
DA:32,0
DA:36,0
DA:40,0
DA:42,0
DA:43,0
DA:45,0
DA:49,0
DA:52,0
DA:55,0
DA:58,0
LF:16
LH:0
end_of_record
SF:lib\features\auth\data\data_source\remote_datasource\auth_remote_data_sourse.dart
DA:10,0
DA:12,0
DA:15,0
DA:18,0
DA:21,0
DA:23,0
DA:28,0
DA:29,0
DA:32,0
DA:34,0
DA:35,0
DA:37,0
DA:41,0
DA:45,0
DA:46,0
DA:48,0
DA:50,0
DA:53,0
DA:55,0
DA:56,0
DA:58,0
DA:62,0
DA:65,0
DA:66,0
DA:68,0
DA:69,0
DA:70,0
DA:73,0
DA:75,0
DA:76,0
DA:78,0
DA:82,0
DA:85,0
DA:87,0
DA:90,0
DA:92,0
DA:93,0
DA:96,0
DA:98,0
DA:99,0
DA:101,0
LF:41
LH:0
end_of_record
SF:lib\features\auth\data\repository\auth_local_repository\auth_local_repository.dart
DA:13,0
DA:15,0
DA:18,0
DA:19,0
DA:21,0
DA:25,0
DA:31,0
DA:32,0
DA:34,0
DA:38,0
DA:41,0
DA:43,0
DA:47,0
DA:50,0
DA:53,0
DA:56,0
LF:16
LH:0
end_of_record
SF:lib\features\auth\data\repository\auth_remote_repository\auth_remote_repository.dart
DA:10,0
DA:12,0
DA:15,0
DA:18,0
DA:22,0
DA:23,0
DA:25,0
DA:26,0
DA:27,0
DA:33,0
DA:36,0
DA:39,0
DA:40,0
DA:41,0
DA:46,0
DA:49,0
DA:50,0
DA:52,0
DA:56,0
DA:59,0
DA:60,0
DA:62,0
LF:22
LH:0
end_of_record
SF:lib\features\auth\domain\use_case\register_user.dart
DA:16,1
DA:26,0
DA:34,1
DA:42,0
DA:44,0
DA:50,1
DA:52,1
DA:54,1
DA:55,1
DA:56,1
DA:57,1
DA:58,1
DA:59,1
DA:60,1
DA:62,2
LF:15
LH:12
end_of_record
SF:lib\features\auth\presentation\view_model\login\login_state.dart
DA:7,0
DA:12,1
DA:16,0
DA:20,0
DA:21,0
DA:22,0
LF:6
LH:1
end_of_record
SF:lib\features\auth\presentation\view_model\login\login_event.dart
DA:4,1
DA:6,0
DA:7,0
DA:14,1
DA:24,1
DA:35,0
DA:46,1
LF:7
LH:4
end_of_record
SF:lib\features\auth\presentation\view_model\login\login_bloc.dart
DA:21,1
DA:30,2
DA:31,1
DA:32,1
DA:33,1
DA:34,1
DA:35,1
DA:36,2
DA:37,1
DA:38,2
DA:40,1
DA:47,1
DA:48,1
DA:49,1
DA:50,1
DA:51,1
DA:52,2
DA:53,1
DA:54,1
DA:61,1
DA:62,0
DA:63,0
DA:64,0
DA:65,0
DA:66,0
DA:67,0
DA:71,0
DA:72,0
DA:73,0
DA:74,0
DA:75,0
DA:80,0
DA:81,0
DA:88,0
DA:89,0
DA:90,0
DA:100,1
DA:101,1
DA:102,1
DA:103,1
DA:104,1
DA:105,2
DA:106,1
DA:107,1
LF:44
LH:28
end_of_record
SF:lib\features\auth\presentation\view_model\signup\register_event.dart
DA:4,1
DA:6,0
DA:7,0
DA:21,1
LF:4
LH:2
end_of_record
SF:lib\features\auth\presentation\view_model\signup\register_state.dart
DA:7,1
DA:12,1
DA:16,1
DA:20,1
DA:21,0
DA:22,1
DA:26,1
DA:27,3
LF:8
LH:7
end_of_record
SF:lib\features\auth\presentation\view_model\signup\register_bloc.dart
DA:14,1
DA:17,2
DA:18,2
DA:35,1
DA:39,3
DA:40,3
DA:41,1
DA:42,1
DA:43,1
DA:44,1
DA:45,1
DA:46,1
DA:49,1
DA:50,4
DA:51,0
DA:52,0
DA:53,0
DA:54,0
LF:18
LH:14
end_of_record
SF:lib\features\home\presentation\view_model\home_cubit.dart
DA:10,0
DA:12,0
DA:13,0
DA:16,0
DA:18,0
DA:19,0
DA:20,0
DA:22,0
DA:23,0
DA:24,0
DA:25,0
LF:11
LH:0
end_of_record
SF:lib\features\onbording\presentation\view_model\onbordign_cubit.dart
DA:7,2
DA:11,1
DA:12,1
DA:13,1
DA:15,1
DA:16,2
DA:17,1
LF:7
LH:7
end_of_record
SF:lib\features\profile\data\data_source\remote_datasource\user_remote_profile_data_source.dart
DA:12,0
DA:14,0
DA:17,0
DA:19,0
DA:20,0
DA:21,0
DA:25,0
DA:28,0
DA:30,0
DA:31,0
DA:33,0
DA:37,0
DA:40,0
DA:41,0
DA:42,0
DA:43,0
DA:44,0
DA:50,0
DA:55,0
DA:57,0
DA:61,0
DA:63,0
DA:64,0
DA:66,0
LF:24
LH:0
end_of_record
SF:lib\features\profile\data\repository\user_remote_pofile_repository.dart
DA:14,0
DA:18,0
DA:23,0
DA:26,0
DA:27,0
DA:28,0
DA:33,0
DA:36,0
DA:37,0
DA:39,0
DA:43,0
DA:46,0
DA:49,0
DA:52,0
DA:55,0
DA:58,0
LF:16
LH:0
end_of_record
SF:lib\features\profile\domain\use_case\create_user_profile_usecase.dart
DA:12,0
DA:18,0
DA:22,1
DA:26,0
DA:27,0
DA:34,1
DA:36,1
DA:38,1
DA:39,1
DA:40,1
DA:42,2
LF:11
LH:7
end_of_record
SF:lib\features\profile\domain\use_case\upload_image_usecase.dart
DA:11,1
DA:20,1
DA:22,1
DA:24,3
LF:4
LH:4
end_of_record
SF:lib\features\profile\presentation\view_model\user_profile\user_profile_event.dart
DA:4,0
DA:6,0
DA:7,0
DA:13,0
DA:24,0
LF:5
LH:0
end_of_record
SF:lib\features\profile\presentation\view_model\user_profile\user_profile_state.dart
DA:8,0
DA:14,0
DA:19,0
DA:24,0
DA:25,0
DA:26,0
DA:27,0
DA:30,0
DA:31,0
LF:9
LH:0
end_of_record
SF:lib\features\profile\presentation\view_model\user_profile\user_profile_bloc.dart
DA:17,0
DA:22,0
DA:23,0
DA:24,0
DA:28,0
DA:32,0
DA:33,0
DA:34,0
DA:35,0
DA:38,0
DA:39,0
DA:40,0
DA:41,0
DA:42,0
DA:44,0
DA:45,0
DA:46,0
DA:47,0
DA:52,0
DA:56,0
DA:57,0
DA:58,0
DA:59,0
DA:63,0
DA:64,0
DA:65,0
DA:66,0
LF:27
LH:0
end_of_record
SF:lib\features\splash\presentation\view_model\splash_cubit.dart
DA:7,2
DA:11,1
DA:12,2
DA:15,1
DA:16,1
DA:18,1
DA:19,2
DA:20,1
LF:8
LH:8
end_of_record
SF:lib\core\common\snackbar\my_snackbar.dart
DA:3,0
DA:8,0
DA:10,0
DA:11,0
DA:12,0
LF:5
LH:0
end_of_record
SF:lib\core\network\dio_error_interceptor.dart
DA:4,0
DA:6,0
DA:7,0
DA:8,0
DA:9,0
DA:10,0
DA:11,0
DA:12,0
DA:15,0
DA:16,0
DA:17,0
DA:19,0
DA:24,0
DA:25,0
DA:27,0
DA:30,0
LF:16
LH:0
end_of_record
SF:lib\features\auth\data\model\auth_hive_model.dart
DA:26,0
DA:34,0
DA:36,0
DA:45,0
DA:46,0
DA:47,0
DA:48,0
DA:49,0
DA:50,0
DA:51,0
DA:52,0
DA:53,0
DA:56,0
DA:57,0
DA:58,0
DA:59,0
DA:60,0
DA:61,0
DA:62,0
DA:63,0
DA:66,0
DA:67,0
LF:22
LH:0
end_of_record
SF:lib\features\auth\data\model\auth_hive_model.g.dart
DA:13,0
DA:15,0
DA:16,0
DA:17,0
DA:19,0
DA:20,0
DA:21,0
DA:22,0
DA:23,0
DA:24,0
DA:25,0
DA:26,0
DA:30,0
DA:33,0
DA:34,0
DA:35,0
DA:36,0
DA:37,0
DA:38,0
DA:39,0
DA:40,0
DA:41,0
DA:42,0
DA:43,0
DA:44,0
DA:45,0
DA:46,0
DA:47,0
DA:50,0
DA:51,0
DA:53,0
DA:56,0
DA:57,0
DA:58,0
LF:34
LH:0
end_of_record
SF:lib\core\themes\mythemes.dart
DA:5,4
DA:6,4
DA:7,4
DA:8,4
DA:9,4
DA:11,4
DA:18,4
DA:25,4
DA:33,6
DA:37,2
LF:10
LH:10
end_of_record
SF:lib\features\auth\data\model\auth_api_modle.dart
DA:6,0
DA:7,0
DA:9,0
DA:22,0
DA:32,0
DA:33,0
DA:34,0
DA:35,0
DA:36,0
DA:37,0
DA:38,0
DA:39,0
DA:42,0
DA:43,0
DA:44,0
DA:45,0
DA:46,0
DA:47,0
DA:48,0
DA:49,0
DA:52,0
DA:53,0
DA:54,0
DA:55,0
DA:56,0
DA:57,0
DA:58,0
DA:59,0
DA:63,0
DA:64,0
DA:65,0
DA:66,0
DA:67,0
DA:68,0
DA:69,0
DA:70,0
DA:71,0
DA:73,0
DA:74,0
DA:75,0
DA:76,0
DA:77,0
DA:78,0
DA:79,0
DA:80,0
DA:81,0
LF:46
LH:0
end_of_record
SF:lib\features\auth\presentation\view\login\login_screen_view.dart
DA:234,8
DA:236,1
DA:237,1
DA:248,1
DA:251,2
DA:252,2
DA:253,1
DA:256,1
DA:258,1
DA:259,1
DA:260,1
DA:261,2
DA:262,2
DA:263,1
DA:264,1
DA:266,1
DA:268,1
DA:279,1
DA:280,1
DA:282,1
DA:283,1
DA:296,1
DA:298,1
DA:299,1
DA:303,1
DA:304,1
DA:306,1
DA:308,1
DA:309,1
DA:317,1
DA:319,1
DA:321,1
DA:322,1
DA:324,1
DA:329,1
DA:330,1
DA:331,1
DA:332,1
DA:333,1
DA:335,1
DA:336,1
DA:337,1
DA:338,1
DA:339,1
DA:340,1
DA:343,1
DA:344,1
DA:345,1
DA:348,1
DA:351,1
DA:354,1
DA:355,0
DA:356,0
DA:366,1
DA:368,1
DA:369,1
DA:370,1
DA:371,1
DA:372,1
DA:374,1
DA:377,1
DA:378,1
DA:379,1
DA:382,1
DA:385,1
DA:388,1
DA:389,0
DA:390,0
DA:403,1
DA:405,1
DA:407,1
DA:408,1
DA:409,0
DA:410,1
DA:412,1
DA:415,1
DA:416,0
DA:417,0
DA:418,0
DA:419,0
DA:421,0
DA:422,0
DA:427,1
DA:428,1
DA:430,1
DA:431,1
DA:434,1
DA:436,1
DA:442,1
DA:444,1
DA:446,1
DA:447,1
DA:449,1
DA:451,1
DA:452,0
DA:453,0
DA:454,0
DA:461,1
DA:463,2
LF:99
LH:85
end_of_record
SF:lib\features\auth\presentation\view\signup\signup_screen_view.dart
DA:7,9
DA:9,1
DA:10,1
DA:28,1
DA:30,1
DA:31,1
DA:32,1
DA:33,2
DA:34,2
DA:35,1
DA:36,1
DA:38,1
DA:40,1
DA:51,1
DA:52,1
DA:54,1
DA:55,1
DA:68,1
DA:70,1
DA:71,1
DA:72,1
DA:73,1
DA:76,1
DA:77,1
DA:79,1
DA:81,1
DA:82,1
DA:84,1
DA:90,1
DA:92,1
DA:93,1
DA:94,1
DA:97,1
DA:98,1
DA:99,1
DA:102,1
DA:105,1
DA:109,0
DA:110,0
DA:118,1
DA:120,1
DA:121,1
DA:122,1
DA:125,1
DA:126,1
DA:127,1
DA:130,1
DA:133,1
DA:137,0
DA:138,0
DA:140,0
DA:141,0
DA:181,1
DA:183,1
DA:184,1
DA:185,1
DA:186,1
DA:189,1
DA:190,2
DA:193,0
DA:194,0
DA:195,0
DA:199,1
DA:200,1
DA:201,1
DA:204,1
DA:207,1
DA:211,0
DA:212,0
DA:214,0
DA:222,1
DA:224,1
DA:225,1
DA:226,1
DA:227,1
DA:230,1
DA:231,2
DA:234,0
DA:235,0
DA:236,0
DA:237,0
DA:241,1
DA:242,1
DA:243,1
DA:246,1
DA:249,1
DA:253,0
DA:254,0
DA:262,1
DA:264,1
DA:266,1
DA:268,1
DA:269,0
DA:270,0
DA:286,1
DA:288,2
DA:294,1
DA:295,0
DA:296,0
DA:297,0
DA:298,0
DA:300,0
DA:301,0
DA:303,0
DA:305,0
DA:307,0
DA:312,1
DA:313,1
DA:315,1
DA:316,1
DA:319,1
DA:321,1
LF:112
LH:83
end_of_record
SF:lib\features\home\presentation\view\navbar_view.dart
DA:8,1
DA:10,1
DA:11,1
DA:22,1
DA:24,1
DA:25,1
DA:27,1
DA:29,3
DA:30,1
DA:31,1
DA:32,1
DA:33,0
DA:34,0
DA:35,0
LF:14
LH:11
end_of_record
SF:lib\features\profile\presentation\view\user_profile_view.dart
DA:26,9
DA:28,1
DA:29,1
DA:38,0
DA:39,0
DA:40,0
DA:41,0
DA:46,0
DA:48,0
DA:50,0
DA:51,0
DA:52,0
DA:56,0
DA:61,0
DA:62,0
DA:63,0
DA:67,0
DA:68,0
DA:73,1
DA:75,1
DA:76,1
DA:80,1
DA:82,1
DA:83,1
DA:84,1
DA:86,1
DA:87,1
DA:88,0
DA:89,0
DA:90,0
DA:96,0
DA:98,0
DA:100,0
DA:101,0
DA:102,0
DA:103,0
DA:104,0
DA:105,0
DA:110,0
DA:111,0
DA:112,0
DA:113,0
DA:123,1
DA:125,1
DA:126,0
DA:132,1
DA:133,1
DA:140,1
DA:142,1
DA:143,0
DA:156,0
DA:157,0
DA:164,0
DA:165,0
DA:166,0
DA:168,0
DA:170,0
DA:171,0
DA:172,0
LF:59
LH:18
end_of_record
SF:lib\features\home\presentation\view\feed_screen_view.dart
DA:4,8
DA:6,0
LF:2
LH:1
end_of_record
SF:lib\features\home\presentation\view\home_screen_view.dart
DA:5,8
DA:7,1
DA:9,1
DA:11,1
DA:12,1
DA:14,1
DA:15,1
DA:16,1
DA:17,1
DA:19,1
DA:26,1
DA:28,1
DA:31,1
DA:33,1
DA:34,1
DA:36,1
DA:42,1
DA:44,2
DA:46,1
DA:51,1
DA:53,1
DA:56,1
DA:58,1
DA:59,1
DA:60,1
DA:61,1
DA:68,1
DA:71,1
DA:73,1
DA:74,1
DA:79,0
DA:82,1
DA:84,1
DA:88,1
DA:89,1
DA:92,1
DA:93,1
DA:96,2
DA:102,2
DA:113,1
DA:115,1
DA:118,1
DA:120,2
DA:127,1
DA:128,1
DA:129,1
DA:130,1
DA:131,1
DA:132,1
DA:135,1
DA:136,1
DA:137,1
DA:142,1
DA:143,1
DA:154,1
DA:155,1
DA:156,1
DA:157,1
DA:158,0
DA:161,1
DA:163,1
DA:165,1
DA:166,1
DA:168,1
DA:171,1
DA:174,1
DA:175,1
DA:177,2
DA:189,1
DA:191,1
DA:194,1
DA:196,2
DA:203,1
DA:204,1
DA:205,1
DA:206,1
DA:207,1
DA:208,1
DA:211,1
DA:212,1
DA:213,1
DA:218,1
DA:219,1
DA:230,1
DA:231,1
DA:232,1
DA:233,1
DA:234,0
DA:237,1
DA:239,1
DA:241,1
DA:242,1
DA:244,1
DA:247,1
DA:250,1
DA:251,1
DA:253,2
DA:277,1
DA:279,1
DA:281,2
DA:282,1
DA:283,1
DA:284,1
DA:285,1
DA:290,1
DA:292,1
DA:294,2
DA:295,1
DA:296,1
DA:297,1
DA:298,1
LF:111
LH:108
end_of_record
SF:lib\features\home\presentation\view\profile_view.dart
DA:4,8
DA:6,0
DA:8,0
DA:9,0
DA:11,0
DA:13,0
DA:15,0
DA:18,0
DA:33,0
DA:36,0
DA:41,0
DA:44,0
DA:49,0
DA:52,0
DA:57,0
DA:60,0
DA:71,0
DA:76,0
DA:77,0
DA:78,0
DA:81,0
DA:83,0
DA:86,0
DA:88,0
DA:90,0
DA:91,0
LF:26
LH:1
end_of_record
SF:lib\features\home\presentation\view_model\home_state.dart
DA:9,8
DA:15,0
DA:29,0
DA:33,0
DA:34,0
DA:35,0
DA:39,0
DA:40,0
LF:8
LH:1
end_of_record
SF:lib\features\onbording\presentation\view\onbording_screen_view.dart
DA:8,8
DA:10,1
DA:11,1
DA:39,1
DA:41,1
DA:42,1
DA:43,1
DA:44,1
DA:45,1
DA:46,0
DA:47,0
DA:48,0
DA:51,2
DA:52,1
DA:53,2
DA:54,1
DA:55,1
DA:57,1
DA:59,1
DA:60,1
DA:69,1
DA:71,1
DA:73,1
DA:75,1
DA:77,1
DA:78,1
DA:89,1
DA:90,1
DA:106,1
DA:110,1
DA:112,1
DA:113,2
DA:114,2
DA:116,2
DA:118,1
DA:119,2
DA:120,1
DA:128,1
DA:132,1
DA:133,0
DA:134,0
DA:136,0
DA:138,0
DA:144,1
DA:146,1
DA:147,1
DA:149,1
DA:151,1
DA:152,5
LF:49
LH:42
end_of_record
SF:lib\features\profile\domain\use_case\delete_image_usecase.dart
DA:12,1
DA:14,1
DA:16,2
LF:3
LH:3
end_of_record
SF:lib\features\profile\domain\use_case\update_image_usecase.dart
DA:13,1
DA:15,1
DA:17,2
LF:3
LH:3
end_of_record
SF:lib\features\splash\presentation\view\splash_screen_view.dart
DA:6,1
DA:8,1
DA:9,1
DA:13,1
DA:15,1
DA:17,4
DA:20,1
DA:22,1
DA:23,1
DA:31,1
DA:32,1
DA:34,1
DA:36,1
LF:13
LH:13
end_of_record
